<?xml version="1.0" encoding="utf-8"?><testsuites name="pytest tests"><testsuite name="pytest" errors="0" failures="0" skipped="0" tests="12" time="2.476" timestamp="2026-03-07T14:03:40.684444+00:00" hostname="agent-env-bc65e0bf-a156-4e1a-a41f-8f023dec7dd2"><testcase classname="backend.tests.test_egg_status_and_email.TestEggStatusUpdate" name="test_update_egg_to_fertile" time="0.647" /><testcase classname="backend.tests.test_egg_status_and_email.TestEggStatusUpdate" name="test_update_egg_to_infertile" time="0.054" /><testcase classname="backend.tests.test_egg_status_and_email.TestEggStatusUpdate" name="test_update_egg_to_hatched_with_band_number" time="0.057" /><testcase classname="backend.tests.test_egg_status_and_email.TestEggStatusUpdate" name="test_update_nonexistent_egg_returns_404" time="0.051" /><testcase classname="backend.tests.test_egg_status_and_email.TestEggStatusUpdate" name="test_update_egg_on_nonexistent_clutch_returns_404" time="0.045" /><testcase classname="backend.tests.test_egg_status_and_email.TestEmailSettings" name="test_get_settings" time="0.045" /><testcase classname="backend.tests.test_egg_status_and_email.TestEmailSettings" name="test_save_email_settings" time="0.096" /><testcase classname="backend.tests.test_egg_status_and_email.TestEmailSettings" name="test_save_partial_email_settings" time="0.046" /><testcase classname="backend.tests.test_egg_status_and_email.TestEmailEndpoint" name="test_test_email_without_notification_email" time="0.099" /><testcase classname="backend.tests.test_egg_status_and_email.TestEmailEndpoint" name="test_test_email_without_smtp_credentials" time="0.094" /><testcase classname="backend.tests.test_egg_status_and_email.TestEmailEndpoint" name="test_test_email_with_invalid_credentials" time="0.627" /><testcase classname="backend.tests.test_egg_status_and_email.TestClutchStatusAndEggInteraction" name="test_clutch_status_flow" time="0.502" /></testsuite></testsuites>