<?xml version="1.0" encoding="utf-8"?><testsuites name="pytest tests"><testsuite name="pytest" errors="0" failures="0" skipped="0" tests="16" time="5.353" timestamp="2026-03-10T00:51:25.951742+00:00" hostname="agent-env-7fa30b4a-ed3d-4bdd-ac3b-7da8e3b4cedc"><testcase classname="backend.tests.test_season_data_isolation.TestSeasonActivation" name="test_get_all_seasons" time="0.761" /><testcase classname="backend.tests.test_season_data_isolation.TestSeasonActivation" name="test_get_active_season" time="0.197" /><testcase classname="backend.tests.test_season_data_isolation.TestSeasonActivation" name="test_activate_season_2026" time="0.267" /><testcase classname="backend.tests.test_season_data_isolation.TestSeasonActivation" name="test_activate_season_2025" time="0.286" /><testcase classname="backend.tests.test_season_data_isolation.TestBirdsGlobal" name="test_birds_count_with_season_2025" time="0.230" /><testcase classname="backend.tests.test_season_data_isolation.TestBirdsGlobal" name="test_birds_count_with_season_2026" time="0.224" /><testcase classname="backend.tests.test_season_data_isolation.TestSeasonDataIsolation2025" name="test_pairs_in_season_2025" time="0.234" /><testcase classname="backend.tests.test_season_data_isolation.TestSeasonDataIsolation2025" name="test_zones_in_season_2025" time="0.258" /><testcase classname="backend.tests.test_season_data_isolation.TestSeasonDataIsolation2025" name="test_clutches_in_season_2025" time="0.233" /><testcase classname="backend.tests.test_season_data_isolation.TestSeasonDataIsolation2026" name="test_pairs_in_season_2026" time="0.241" /><testcase classname="backend.tests.test_season_data_isolation.TestSeasonDataIsolation2026" name="test_zones_in_season_2026" time="0.241" /><testcase classname="backend.tests.test_season_data_isolation.TestSeasonDataIsolation2026" name="test_clutches_in_season_2026" time="0.234" /><testcase classname="backend.tests.test_season_data_isolation.TestDashboardStatsIsolation" name="test_dashboard_stats_season_2025" time="0.247" /><testcase classname="backend.tests.test_season_data_isolation.TestDashboardStatsIsolation" name="test_dashboard_stats_season_2026" time="0.251" /><testcase classname="backend.tests.test_season_data_isolation.TestCreateDataInSeason" name="test_create_zone_in_season_2026" time="0.524" /><testcase classname="backend.tests.test_season_data_isolation.TestCreateDataInSeason" name="test_create_pair_in_season_2026" time="0.792" /></testsuite></testsuites>