<?xml version="1.0" encoding="utf-8"?><testsuites name="pytest tests"><testsuite name="pytest" errors="0" failures="0" skipped="0" tests="16" time="2.595" timestamp="2026-03-07T14:19:48.661724+00:00" hostname="agent-env-bc65e0bf-a156-4e1a-a41f-8f023dec7dd2"><testcase classname="backend.tests.test_reports_genealogy_export.TestBreedingStatsAPI" name="test_get_breeding_stats_returns_200" time="0.202" /><testcase classname="backend.tests.test_reports_genealogy_export.TestBreedingStatsAPI" name="test_breeding_stats_structure" time="0.058" /><testcase classname="backend.tests.test_reports_genealogy_export.TestBreedingStatsAPI" name="test_breeding_stats_values_are_numeric" time="0.054" /><testcase classname="backend.tests.test_reports_genealogy_export.TestGenealogyAPI" name="test_get_genealogy_returns_200" time="0.113" /><testcase classname="backend.tests.test_reports_genealogy_export.TestGenealogyAPI" name="test_get_genealogy_nonexistent_bird_returns_404" time="0.060" /><testcase classname="backend.tests.test_reports_genealogy_export.TestGenealogyAPI" name="test_genealogy_structure" time="0.131" /><testcase classname="backend.tests.test_reports_genealogy_export.TestGenealogyAPI" name="test_genealogy_returns_parents" time="0.382" /><testcase classname="backend.tests.test_reports_genealogy_export.TestGenealogyAPI" name="test_genealogy_returns_grandparents" time="0.063" /><testcase classname="backend.tests.test_reports_genealogy_export.TestGenealogyAPI" name="test_genealogy_returns_siblings" time="0.059" /><testcase classname="backend.tests.test_reports_genealogy_export.TestGenealogyAPI" name="test_genealogy_returns_children" time="0.413" /><testcase classname="backend.tests.test_reports_genealogy_export.TestExportAPIs" name="test_export_birds_csv" time="0.057" /><testcase classname="backend.tests.test_reports_genealogy_export.TestExportAPIs" name="test_export_birds_pdf" time="0.061" /><testcase classname="backend.tests.test_reports_genealogy_export.TestExportAPIs" name="test_export_breeding_report_csv" time="0.056" /><testcase classname="backend.tests.test_reports_genealogy_export.TestExportAPIs" name="test_export_breeding_report_pdf" time="0.056" /><testcase classname="backend.tests.test_reports_genealogy_export.TestBirdParentFields" name="test_create_bird_with_parents" time="0.367" /><testcase classname="backend.tests.test_reports_genealogy_export.TestBirdParentFields" name="test_update_bird_parent_fields" time="0.383" /></testsuite></testsuites>