<?xml version="1.0" encoding="utf-8"?><testsuites name="pytest tests"><testsuite name="pytest" errors="0" failures="0" skipped="0" tests="13" time="3.380" timestamp="2026-03-07T19:29:56.652932+00:00" hostname="agent-env-7f757d61-493f-4992-aee1-14582b73c03c"><testcase classname="backend.tests.test_seasons_printcards_comparison.TestSeasonsAPI" name="test_get_all_seasons" time="0.166" /><testcase classname="backend.tests.test_seasons_printcards_comparison.TestSeasonsAPI" name="test_create_season" time="0.246" /><testcase classname="backend.tests.test_seasons_printcards_comparison.TestSeasonsAPI" name="test_update_season" time="0.500" /><testcase classname="backend.tests.test_seasons_printcards_comparison.TestSeasonsAPI" name="test_delete_season" time="0.378" /><testcase classname="backend.tests.test_seasons_printcards_comparison.TestSeasonsAPI" name="test_delete_nonexistent_season" time="0.130" /><testcase classname="backend.tests.test_seasons_printcards_comparison.TestSeasonsAPI" name="test_activate_season" time="0.916" /><testcase classname="backend.tests.test_seasons_printcards_comparison.TestSeasonsAPI" name="test_get_active_season" time="0.115" /><testcase classname="backend.tests.test_seasons_printcards_comparison.TestYearComparisonAPI" name="test_get_year_comparison_default_years" time="0.117" /><testcase classname="backend.tests.test_seasons_printcards_comparison.TestYearComparisonAPI" name="test_get_year_comparison_specific_years" time="0.118" /><testcase classname="backend.tests.test_seasons_printcards_comparison.TestYearComparisonAPI" name="test_year_comparison_same_year" time="0.109" /><testcase classname="backend.tests.test_seasons_printcards_comparison.TestPrintCardsAPI" name="test_get_breeding_cards" time="0.151" /><testcase classname="backend.tests.test_seasons_printcards_comparison.TestPrintCardsAPI" name="test_breeding_cards_data_accuracy" time="0.117" /><testcase classname="backend.tests.test_seasons_printcards_comparison.TestExistingSeasons" name="test_existing_seasons_present" time="0.121" /></testsuite></testsuites>