<?xml version="1.0" encoding="utf-8"?><testsuites name="pytest tests"><testsuite name="pytest" errors="0" failures="0" skipped="0" tests="6" time="4.313" timestamp="2026-03-14T00:24:49.008605+00:00" hostname="agent-env-5eb80da0-f469-4d57-87f3-13f377a1e7bd"><testcase classname="backend.tests.test_daily_report_settings.TestDailyReportSettings" name="test_get_settings_returns_daily_report_fields" time="0.527" /><testcase classname="backend.tests.test_daily_report_settings.TestDailyReportSettings" name="test_save_email_settings_with_daily_report" time="0.569" /><testcase classname="backend.tests.test_daily_report_settings.TestDailyReportSettings" name="test_save_email_settings_with_daily_report_disabled" time="0.569" /><testcase classname="backend.tests.test_daily_report_settings.TestDailyReportSettings" name="test_save_different_report_times" time="1.594" /><testcase classname="backend.tests.test_daily_report_settings.TestDailyReportSettings" name="test_email_settings_persistence_per_user" time="0.459" /><testcase classname="backend.tests.test_daily_report_settings.TestBreedingSettings" name="test_get_breeding_settings" time="0.491" /></testsuite></testsuites>